2026-03-20 16:57:41 | INFO     | main | ╔══════════════════════════════════════════════════════════╗
2026-03-20 16:57:41 | INFO     | main | ║   RENAISSANCE QUANTITATIVE FUND  ·  BACKTEST ENGINE     ║
2026-03-20 16:57:41 | INFO     | main | ║   Strategy: Multi-Factor FX  |  Target CAGR: 30%        ║
2026-03-20 16:57:41 | INFO     | main | ╚══════════════════════════════════════════════════════════╝
2026-03-20 16:57:41 | INFO     | main |   Capital  : $10,000.00
2026-03-20 16:57:41 | INFO     | main |   Universe : ['EURUSD', 'GBPUSD', 'USDJPY', 'AUDUSD', 'USDCAD']
2026-03-20 16:57:41 | INFO     | main |   Period   : 2023-01-01 → 2024-12-31
2026-03-20 16:57:41 | INFO     | main | 
[1/3]  Fetching historical data from Alpha Vantage ...
2026-03-20 16:58:55 | INFO     | main |   Loaded 5 pairs  ✓
2026-03-20 16:58:55 | INFO     | main | 
[2/3]  Running backtest engine ...
2026-03-20 16:58:55 | INFO     | main | 
[3/3]  Rendering performance dashboard ...
2026-03-20 16:58:56 | INFO     | main | 
━━━━━━━━━━━━━━━━━━━━━━━━━━━━━━━━━━━━━━━━━━━━━━━━━━━━
2026-03-20 16:58:56 | INFO     | main |   CAGR Achieved  : 297.35%
2026-03-20 16:58:56 | INFO     | main |   Target CAGR    : 30%
2026-03-20 16:58:56 | INFO     | main |   Target Met     : ✅  YES
2026-03-20 16:58:56 | INFO     | main |   Dashboard      : reports/charts\backtest_dashboard.png
2026-03-20 16:58:56 | INFO     | main | ━━━━━━━━━━━━━━━━━━━━━━━━━━━━━━━━━━━━━━━━━━━━━━━━━━━━

